Arguments: 
  /usr/local/bin/node /usr/local/bin/yarn watch

PATH: 
  /usr/local/bin:/Users/lukaszzieba/Library/Python/3.9/bin:/opt/homebrew/bin:/Users/lukaszzieba/bin:/opt/local/bin:/opt/local/sbin:/usr/local/bin:/usr/bin:/bin:/usr/sbin:/sbin:/Applications/Postgres.app/Contents/Versions/latest/bin

Yarn version: 
  1.22.17

Node version: 
  16.13.2

Platform: 
  darwin arm64

Trace: 
  SyntaxError: /Users/lukaszzieba/Workspace/reddit/server/package.json: Unexpected token s in JSON at position 1318
      at JSON.parse (<anonymous>)
      at /usr/local/lib/node_modules/yarn/lib/cli.js:1625:59
      at Generator.next (<anonymous>)
      at step (/usr/local/lib/node_modules/yarn/lib/cli.js:310:30)
      at /usr/local/lib/node_modules/yarn/lib/cli.js:321:13

npm manifest: 
  {
      "name": "server",
      "version": "1.0.0",
      "description": "",
      "main": "index.js",
      "scripts": {
          "watch": "tsc -w",
          "dev": "nodemon dist/index.js",
          "start": "node dist/index.js",
          "create:migration": "mikro-orm migration:create"
      },
      "keywords": [],
      "author": "",
      "license": "ISC",
      "devDependencies": {
          "@types/connect-redis": "^0.0.18",
          "@types/express": "^4.17.13",
          "@types/express-session": "^1.17.4",
          "@types/node": "17.0.21",
          "nodemon": "2.0.15",
          "prettier": "2.5.1",
          "ts-node": "10.7.0",
          "typescript": "4.6.2"
      },
      "dependencies": {
          "@mikro-orm/cli": "5.0.5",
          "@mikro-orm/core": "5.0.5",
          "@mikro-orm/migrations": "5.0.5",
          "@mikro-orm/postgresql": "5.0.5",
          "apollo-server-express": "^3.6.3",
          "argon2": "^0.28.5",
          "connect-redis": "^6.1.3",
          "express": "^4.17.3",
          "express-session": "^1.17.2",
          "graphql": "15.3.0",
          "module-alias": "^2.2.2",
          "pg": "8.7.3",
          "redis": "^4.0.6",
          "type-graphql": "^1.1.1"
      },
      "mikro-orm": {
          "useTsNode": true,
          "configPaths": [
              "./src/mikro-orm.config.ts",
              "./dist/mikro-orm.config.js"
          ]s
      },
      "_moduleAliases": {
          "@root": ".",
          "@entities": "./dist/entities",
          "@migrations": "./dist/migrations",
          "@resolvers": "./dist/resolvers",
          "@types": "./dist/types",
          "@config": "./dist/config",
          "@utils": "./dist/utils"
      }
  }

yarn manifest: 
  No manifest

Lockfile: 
  No lockfile
